<?xml version="1.0" encoding="UTF-8"?>
<!-- Generated by org.testng.reporters.JUnitXMLReporter -->
<testsuite ignored="0" hostname="DESKTOP-C4OJFH0" failures="0" tests="3" name="Default test" time="0.083" errors="0" timestamp="2023-07-22T13:56:54 IST">
  <testcase classname="com.testvagrant.test.SongsPlaylistTest" name="testAddSongToPlaylist" time="0.014"/>
  <testcase classname="com.testvagrant.test.SongsPlaylistTest" name="testRemoveSongForInvalidUserId" time="0.002"/>
  <testcase classname="com.testvagrant.test.SongsPlaylistTest" name="testRemoveSongs" time="0.007"/>
</testsuite> <!-- Default test -->
