<?xml version="1.0" encoding="UTF-8"?>
<testng-results ignored="0" total="3" passed="3" failed="0" skipped="0">
  <reporter-output>
  </reporter-output>
  <suite started-at="2023-07-22T13:56:54 IST" name="Default suite" finished-at="2023-07-22T13:56:54 IST" duration-ms="83">
    <groups>
    </groups>
    <test started-at="2023-07-22T13:56:54 IST" name="Default test" finished-at="2023-07-22T13:56:54 IST" duration-ms="83">
      <class name="com.testvagrant.test.SongsPlaylistTest">
        <test-method signature="testAddSongToPlaylist()[pri:0, instance:com.testvagrant.test.SongsPlaylistTest@2fd1433e]" started-at="2023-07-22T13:56:54 IST" name="testAddSongToPlaylist" finished-at="2023-07-22T13:56:54 IST" duration-ms="14" status="PASS">
          <reporter-output>
          </reporter-output>
        </test-method> <!-- testAddSongToPlaylist -->
        <test-method signature="testRemoveSongForInvalidUserId()[pri:0, instance:com.testvagrant.test.SongsPlaylistTest@2fd1433e]" started-at="2023-07-22T13:56:54 IST" name="testRemoveSongForInvalidUserId" finished-at="2023-07-22T13:56:54 IST" duration-ms="2" status="PASS">
          <reporter-output>
          </reporter-output>
        </test-method> <!-- testRemoveSongForInvalidUserId -->
        <test-method signature="testRemoveSongs()[pri:0, instance:com.testvagrant.test.SongsPlaylistTest@2fd1433e]" started-at="2023-07-22T13:56:54 IST" name="testRemoveSongs" finished-at="2023-07-22T13:56:54 IST" duration-ms="7" status="PASS">
          <reporter-output>
          </reporter-output>
        </test-method> <!-- testRemoveSongs -->
      </class> <!-- com.testvagrant.test.SongsPlaylistTest -->
    </test> <!-- Default test -->
  </suite> <!-- Default suite -->
</testng-results>
